<?xml version="1.0" encoding="UTF-8"?>
<!-- Generated by org.testng.reporters.JUnitXMLReporter -->
<testsuite ignored="0" hostname="Sakthi" failures="2" tests="3" name="Test" time="6.874" errors="0" timestamp="2024-02-23T02:23:05 IST">
  <testcase classname="Test.MainTest" name="launching1" time="3.83"/>
  <testcase classname="Test.MainTest" name="launching2" time="2.442">
    <failure type="java.lang.AssertionError" message="expected [true] but found [false]">
      <![CDATA[java.lang.AssertionError: expected [true] but found [false]
at Test.MainTest.launching2(MainTest.java:38)
at java.base/java.util.ArrayList.forEach(ArrayList.java:1511)
... Removed 31 stack frames]]>
    </failure>
  </testcase> <!-- launching2 -->
  <testcase classname="Test.MainTest" name="launching2" time="2.454">
    <failure type="java.lang.NullPointerException" message="Cannot invoke &amp;quot;org.openqa.selenium.TakesScreenshot.getScreenshotAs(org.openqa.selenium.OutputType)&amp;quot; because &amp;quot;ts&amp;quot; is null">
      <![CDATA[java.lang.NullPointerException: Cannot invoke "org.openqa.selenium.TakesScreenshot.getScreenshotAs(org.openqa.selenium.OutputType)" because "ts" is null
at Utilities.TestUtilities.screenShot(TestUtilities.java:37)
at Listeners.AllListeners.onTestFailure(AllListeners.java:58)
at java.base/java.util.ArrayList.forEach(ArrayList.java:1511)
... Removed 24 stack frames]]>
    </failure>
  </testcase> <!-- launching2 -->
</testsuite> <!-- Test -->
